# JRE version: Java(TM) SE Runtime Environment (8.0_212-b10) (build 1.8.0_212-b10)
# Java VM: Java HotSpot(TM) 64-Bit Server VM (25.212-b10 mixed mode windows-amd64 compressed oops)
Heap:
 PSYoungGen      total 138752K, used 43736K [0x00000000f5580000, 0x00000000ffd00000, 0x0000000100000000)
  eden space 127488K, 25% used [0x00000000f5580000,0x00000000f757ea50,0x00000000fd200000)
  from space 11264K, 97% used [0x00000000fd400000,0x00000000fdeb7990,0x00000000fdf00000)
  to   space 22016K, 0% used [0x00000000fe780000,0x00000000fe780000,0x00000000ffd00000)
 ParOldGen       total 243200K, used 66800K [0x00000000e0000000, 0x00000000eed80000, 0x00000000f5580000)
  object space 243200K, 27% used [0x00000000e0000000,0x00000000e413c060,0x00000000eed80000)
 Metaspace       used 78149K, capacity 81468K, committed 81584K, reserved 1120256K
  class space    used 10392K, capacity 11140K, committed 11184K, reserved 1048576K
GC Heap History (10 events):
Event: 14.988 GC heap before
{Heap before GC invocations=12 (full 3):
 PSYoungGen      total 159232K, used 15347K [0x00000000f5580000, 0x0000000100000000, 0x0000000100000000)
  eden space 143872K, 0% used [0x00000000f5580000,0x00000000f5580000,0x00000000fe200000)
  from space 15360K, 99% used [0x00000000fe200000,0x00000000ff0fcfb0,0x00000000ff100000)
  to   space 15360K, 0% used [0x00000000ff100000,0x00000000ff100000,0x0000000100000000)
 ParOldGen       total 175104K, used 25213K [0x00000000e0000000, 0x00000000eab00000, 0x00000000f5580000)
  object space 175104K, 14% used [0x00000000e0000000,0x00000000e189f5e8,0x00000000eab00000)
 Metaspace       used 57384K, capacity 59088K, committed 59160K, reserved 1099776K
  class space    used 7905K, capacity 8349K, committed 8368K, reserved 1048576K
Event: 15.226 GC heap after
Heap after GC invocations=12 (full 3):
 PSYoungGen      total 159232K, used 0K [0x00000000f5580000, 0x0000000100000000, 0x0000000100000000)
  eden space 143872K, 0% used [0x00000000f5580000,0x00000000f5580000,0x00000000fe200000)
  from space 15360K, 0% used [0x00000000fe200000,0x00000000fe200000,0x00000000ff100000)
  to   space 15360K, 0% used [0x00000000ff100000,0x00000000ff100000,0x0000000100000000)
 ParOldGen       total 243200K, used 34294K [0x00000000e0000000, 0x00000000eed80000, 0x00000000f5580000)
  object space 243200K, 14% used [0x00000000e0000000,0x00000000e217d810,0x00000000eed80000)
 Metaspace       used 57384K, capacity 59088K, committed 59160K, reserved 1099776K
  class space    used 7905K, capacity 8349K, committed 8368K, reserved 1048576K
}
Event: 17.520 GC heap before
{Heap before GC invocations=13 (full 3):
 PSYoungGen      total 159232K, used 143872K [0x00000000f5580000, 0x0000000100000000, 0x0000000100000000)
  eden space 143872K, 100% used [0x00000000f5580000,0x00000000fe200000,0x00000000fe200000)
  from space 15360K, 0% used [0x00000000fe200000,0x00000000fe200000,0x00000000ff100000)
  to   space 15360K, 0% used [0x00000000ff100000,0x00000000ff100000,0x0000000100000000)
 ParOldGen       total 243200K, used 34294K [0x00000000e0000000, 0x00000000eed80000, 0x00000000f5580000)
  object space 243200K, 14% used [0x00000000e0000000,0x00000000e217d810,0x00000000eed80000)
 Metaspace       used 63929K, capacity 66186K, committed 66224K, reserved 1105920K
  class space    used 8838K, capacity 9359K, committed 9392K, reserved 1048576K
Event: 17.534 GC heap after
Heap after GC invocations=13 (full 3):
 PSYoungGen      total 150016K, used 15340K [0x00000000f5580000, 0x0000000100000000, 0x0000000100000000)
  eden space 134656K, 0% used [0x00000000f5580000,0x00000000f5580000,0x00000000fd900000)
  from space 15360K, 99% used [0x00000000ff100000,0x00000000ffffb0b8,0x0000000100000000)
  to   space 19968K, 0% used [0x00000000fd900000,0x00000000fd900000,0x00000000fec80000)
 ParOldGen       total 243200K, used 34620K [0x00000000e0000000, 0x00000000eed80000, 0x00000000f5580000)
  object space 243200K, 14% used [0x00000000e0000000,0x00000000e21cf1d0,0x00000000eed80000)
 Metaspace       used 63929K, capacity 66186K, committed 66224K, reserved 1105920K
  class space    used 8838K, capacity 9359K, committed 9392K, reserved 1048576K
}
Event: 20.112 GC heap before
{Heap before GC invocations=14 (full 3):
 PSYoungGen      total 150016K, used 149996K [0x00000000f5580000, 0x0000000100000000, 0x0000000100000000)
  eden space 134656K, 100% used [0x00000000f5580000,0x00000000fd900000,0x00000000fd900000)
  from space 15360K, 99% used [0x00000000ff100000,0x00000000ffffb0b8,0x0000000100000000)
  to   space 19968K, 0% used [0x00000000fd900000,0x00000000fd900000,0x00000000fec80000)
 ParOldGen       total 243200K, used 34620K [0x00000000e0000000, 0x00000000eed80000, 0x00000000f5580000)
  object space 243200K, 14% used [0x00000000e0000000,0x00000000e21cf1d0,0x00000000eed80000)
 Metaspace       used 66387K, capacity 68878K, committed 68912K, reserved 1107968K
  class space    used 9157K, capacity 9775K, committed 9776K, reserved 1048576K
Event: 20.133 GC heap after
Heap after GC invocations=14 (full 3):
 PSYoungGen      total 154624K, used 11760K [0x00000000f5580000, 0x0000000100000000, 0x0000000100000000)
  eden space 134656K, 0% used [0x00000000f5580000,0x00000000f5580000,0x00000000fd900000)
  from space 19968K, 58% used [0x00000000fd900000,0x00000000fe47c308,0x00000000fec80000)
  to   space 18944K, 0% used [0x00000000fed80000,0x00000000fed80000,0x0000000100000000)
 ParOldGen       total 243200K, used 45122K [0x00000000e0000000, 0x00000000eed80000, 0x00000000f5580000)
  object space 243200K, 18% used [0x00000000e0000000,0x00000000e2c10988,0x00000000eed80000)
 Metaspace       used 66387K, capacity 68878K, committed 68912K, reserved 1107968K
  class space    used 9157K, capacity 9775K, committed 9776K, reserved 1048576K
}
Event: 309.091 GC heap before
{Heap before GC invocations=15 (full 3):
 PSYoungGen      total 154624K, used 146416K [0x00000000f5580000, 0x0000000100000000, 0x0000000100000000)
  eden space 134656K, 100% used [0x00000000f5580000,0x00000000fd900000,0x00000000fd900000)
  from space 19968K, 58% used [0x00000000fd900000,0x00000000fe47c308,0x00000000fec80000)
  to   space 18944K, 0% used [0x00000000fed80000,0x00000000fed80000,0x0000000100000000)
 ParOldGen       total 243200K, used 45122K [0x00000000e0000000, 0x00000000eed80000, 0x00000000f5580000)
  object space 243200K, 18% used [0x00000000e0000000,0x00000000e2c10988,0x00000000eed80000)
 Metaspace       used 70805K, capacity 73454K, committed 73648K, reserved 1112064K
  class space    used 9471K, capacity 10081K, committed 10160K, reserved 1048576K
Event: 309.120 GC heap after
Heap after GC invocations=15 (full 3):
 PSYoungGen      total 148480K, used 18943K [0x00000000f5580000, 0x0000000100000000, 0x0000000100000000)
  eden space 129536K, 0% used [0x00000000f5580000,0x00000000f5580000,0x00000000fd400000)
  from space 18944K, 99% used [0x00000000fed80000,0x00000000fffffcc0,0x0000000100000000)
  to   space 22528K, 0% used [0x00000000fd400000,0x00000000fd400000,0x00000000fea00000)
 ParOldGen       total 243200K, used 49334K [0x00000000e0000000, 0x00000000eed80000, 0x00000000f5580000)
  object space 243200K, 20% used [0x00000000e0000000,0x00000000e302db58,0x00000000eed80000)
 Metaspace       used 70805K, capacity 73454K, committed 73648K, reserved 1112064K
  class space    used 9471K, capacity 10081K, committed 10160K, reserved 1048576K
}
Event: 410.052 GC heap before
{Heap before GC invocations=16 (full 3):
 PSYoungGen      total 148480K, used 148479K [0x00000000f5580000, 0x0000000100000000, 0x0000000100000000)
  eden space 129536K, 100% used [0x00000000f5580000,0x00000000fd400000,0x00000000fd400000)
  from space 18944K, 99% used [0x00000000fed80000,0x00000000fffffcc0,0x0000000100000000)
  to   space 22528K, 0% used [0x00000000fd400000,0x00000000fd400000,0x00000000fea00000)
 ParOldGen       total 243200K, used 49334K [0x00000000e0000000, 0x00000000eed80000, 0x00000000f5580000)
  object space 243200K, 20% used [0x00000000e0000000,0x00000000e302db58,0x00000000eed80000)
 Metaspace       used 76607K, capacity 79524K, committed 79792K, reserved 1118208K
  class space    used 10159K, capacity 10837K, committed 10928K, reserved 1048576K
Event: 410.075 GC heap after
Heap after GC invocations=16 (full 3):
 PSYoungGen      total 138752K, used 10974K [0x00000000f5580000, 0x00000000ffd00000, 0x0000000100000000)
  eden space 127488K, 0% used [0x00000000f5580000,0x00000000f5580000,0x00000000fd200000)
  from space 11264K, 97% used [0x00000000fd400000,0x00000000fdeb7990,0x00000000fdf00000)
  to   space 22016K, 0% used [0x00000000fe780000,0x00000000fe780000,0x00000000ffd00000)
 ParOldGen       total 243200K, used 66800K [0x00000000e0000000, 0x00000000eed80000, 0x00000000f5580000)
  object space 243200K, 27% used [0x00000000e0000000,0x00000000e413c060,0x00000000eed80000)
 Metaspace       used 76607K, capacity 79524K, committed 79792K, reserved 1118208K
  class space    used 10159K, capacity 10837K, committed 10928K, reserved 1048576K
}

