# JRE version: Java(TM) SE Runtime Environment (8.0_212-b10) (build 1.8.0_212-b10)
# Java VM: Java HotSpot(TM) 64-Bit Server VM (25.212-b10 mixed mode windows-amd64 compressed oops)
Heap:
 PSYoungGen      total 116736K, used 68586K [0x00000000f5580000, 0x00000000fe100000, 0x0000000100000000)
  eden space 109056K, 56% used [0x00000000f5580000,0x00000000f9166b58,0x00000000fc000000)
  from space 7680K, 94% used [0x00000000fc200000,0x00000000fc913d50,0x00000000fc980000)
  to   space 16896K, 0% used [0x00000000fd080000,0x00000000fd080000,0x00000000fe100000)
 ParOldGen       total 199168K, used 54616K [0x00000000e0000000, 0x00000000ec280000, 0x00000000f5580000)
  object space 199168K, 27% used [0x00000000e0000000,0x00000000e3556158,0x00000000ec280000)
 Metaspace       used 84567K, capacity 89472K, committed 89648K, reserved 1126400K
  class space    used 11099K, capacity 12048K, committed 12080K, reserved 1048576K
GC Heap History (10 events):
Event: 3480.129 GC heap before
{Heap before GC invocations=22 (full 3):
 PSYoungGen      total 136704K, used 125008K [0x00000000f5580000, 0x00000000ff300000, 0x0000000100000000)
  eden space 119296K, 100% used [0x00000000f5580000,0x00000000fca00000,0x00000000fca00000)
  from space 17408K, 32% used [0x00000000fe200000,0x00000000fe7940a0,0x00000000ff300000)
  to   space 20992K, 0% used [0x00000000fca00000,0x00000000fca00000,0x00000000fde80000)
 ParOldGen       total 199168K, used 54584K [0x00000000e0000000, 0x00000000ec280000, 0x00000000f5580000)
  object space 199168K, 27% used [0x00000000e0000000,0x00000000e354e158,0x00000000ec280000)
 Metaspace       used 77295K, capacity 81856K, committed 82096K, reserved 1120256K
  class space    used 10234K, capacity 11090K, committed 11184K, reserved 1048576K
Event: 3480.139 GC heap after
Heap after GC invocations=22 (full 3):
 PSYoungGen      total 124928K, used 7312K [0x00000000f5580000, 0x00000000fef00000, 0x0000000100000000)
  eden space 117248K, 0% used [0x00000000f5580000,0x00000000f5580000,0x00000000fc800000)
  from space 7680K, 95% used [0x00000000fca00000,0x00000000fd124010,0x00000000fd180000)
  to   space 19968K, 0% used [0x00000000fdb80000,0x00000000fdb80000,0x00000000fef00000)
 ParOldGen       total 199168K, used 54592K [0x00000000e0000000, 0x00000000ec280000, 0x00000000f5580000)
  object space 199168K, 27% used [0x00000000e0000000,0x00000000e3550158,0x00000000ec280000)
 Metaspace       used 77295K, capacity 81856K, committed 82096K, reserved 1120256K
  class space    used 10234K, capacity 11090K, committed 11184K, reserved 1048576K
}
Event: 3706.516 GC heap before
{Heap before GC invocations=23 (full 3):
 PSYoungGen      total 124928K, used 124560K [0x00000000f5580000, 0x00000000fef00000, 0x0000000100000000)
  eden space 117248K, 100% used [0x00000000f5580000,0x00000000fc800000,0x00000000fc800000)
  from space 7680K, 95% used [0x00000000fca00000,0x00000000fd124010,0x00000000fd180000)
  to   space 19968K, 0% used [0x00000000fdb80000,0x00000000fdb80000,0x00000000fef00000)
 ParOldGen       total 199168K, used 54592K [0x00000000e0000000, 0x00000000ec280000, 0x00000000f5580000)
  object space 199168K, 27% used [0x00000000e0000000,0x00000000e3550158,0x00000000ec280000)
 Metaspace       used 77404K, capacity 81988K, committed 82096K, reserved 1120256K
  class space    used 10234K, capacity 11090K, committed 11184K, reserved 1048576K
Event: 3706.535 GC heap after
Heap after GC invocations=23 (full 3):
 PSYoungGen      total 131072K, used 8059K [0x00000000f5580000, 0x00000000feb00000, 0x0000000100000000)
  eden space 115200K, 0% used [0x00000000f5580000,0x00000000f5580000,0x00000000fc600000)
  from space 15872K, 50% used [0x00000000fdb80000,0x00000000fe35ecf0,0x00000000feb00000)
  to   space 18944K, 0% used [0x00000000fc600000,0x00000000fc600000,0x00000000fd880000)
 ParOldGen       total 199168K, used 54600K [0x00000000e0000000, 0x00000000ec280000, 0x00000000f5580000)
  object space 199168K, 27% used [0x00000000e0000000,0x00000000e3552158,0x00000000ec280000)
 Metaspace       used 77404K, capacity 81988K, committed 82096K, reserved 1120256K
  class space    used 10234K, capacity 11090K, committed 11184K, reserved 1048576K
}
Event: 3813.690 GC heap before
{Heap before GC invocations=24 (full 3):
 PSYoungGen      total 131072K, used 123259K [0x00000000f5580000, 0x00000000feb00000, 0x0000000100000000)
  eden space 115200K, 100% used [0x00000000f5580000,0x00000000fc600000,0x00000000fc600000)
  from space 15872K, 50% used [0x00000000fdb80000,0x00000000fe35ecf0,0x00000000feb00000)
  to   space 18944K, 0% used [0x00000000fc600000,0x00000000fc600000,0x00000000fd880000)
 ParOldGen       total 199168K, used 54600K [0x00000000e0000000, 0x00000000ec280000, 0x00000000f5580000)
  object space 199168K, 27% used [0x00000000e0000000,0x00000000e3552158,0x00000000ec280000)
 Metaspace       used 77508K, capacity 82064K, committed 82352K, reserved 1120256K
  class space    used 10234K, capacity 11090K, committed 11184K, reserved 1048576K
Event: 3813.710 GC heap after
Heap after GC invocations=24 (full 3):
 PSYoungGen      total 122368K, used 9131K [0x00000000f5580000, 0x00000000fe700000, 0x0000000100000000)
  eden space 113152K, 0% used [0x00000000f5580000,0x00000000f5580000,0x00000000fc400000)
  from space 9216K, 99% used [0x00000000fc600000,0x00000000fceeac50,0x00000000fcf00000)
  to   space 17920K, 0% used [0x00000000fd580000,0x00000000fd580000,0x00000000fe700000)
 ParOldGen       total 199168K, used 54600K [0x00000000e0000000, 0x00000000ec280000, 0x00000000f5580000)
  object space 199168K, 27% used [0x00000000e0000000,0x00000000e3552158,0x00000000ec280000)
 Metaspace       used 77508K, capacity 82064K, committed 82352K, reserved 1120256K
  class space    used 10234K, capacity 11090K, committed 11184K, reserved 1048576K
}
Event: 4061.987 GC heap before
{Heap before GC invocations=25 (full 3):
 PSYoungGen      total 122368K, used 122283K [0x00000000f5580000, 0x00000000fe700000, 0x0000000100000000)
  eden space 113152K, 100% used [0x00000000f5580000,0x00000000fc400000,0x00000000fc400000)
  from space 9216K, 99% used [0x00000000fc600000,0x00000000fceeac50,0x00000000fcf00000)
  to   space 17920K, 0% used [0x00000000fd580000,0x00000000fd580000,0x00000000fe700000)
 ParOldGen       total 199168K, used 54600K [0x00000000e0000000, 0x00000000ec280000, 0x00000000f5580000)
  object space 199168K, 27% used [0x00000000e0000000,0x00000000e3552158,0x00000000ec280000)
 Metaspace       used 77607K, capacity 82256K, committed 82352K, reserved 1120256K
  class space    used 10235K, capacity 11090K, committed 11184K, reserved 1048576K
Event: 4062.006 GC heap after
Heap after GC invocations=25 (full 3):
 PSYoungGen      total 125952K, used 9227K [0x00000000f5580000, 0x00000000fe400000, 0x0000000100000000)
  eden space 111104K, 0% used [0x00000000f5580000,0x00000000f5580000,0x00000000fc200000)
  from space 14848K, 62% used [0x00000000fd580000,0x00000000fde82c70,0x00000000fe400000)
  to   space 17408K, 0% used [0x00000000fc200000,0x00000000fc200000,0x00000000fd300000)
 ParOldGen       total 199168K, used 54608K [0x00000000e0000000, 0x00000000ec280000, 0x00000000f5580000)
  object space 199168K, 27% used [0x00000000e0000000,0x00000000e3554158,0x00000000ec280000)
 Metaspace       used 77607K, capacity 82256K, committed 82352K, reserved 1120256K
  class space    used 10235K, capacity 11090K, committed 11184K, reserved 1048576K
}
Event: 4373.324 GC heap before
{Heap before GC invocations=26 (full 3):
 PSYoungGen      total 125952K, used 120315K [0x00000000f5580000, 0x00000000fe400000, 0x0000000100000000)
  eden space 111104K, 99% used [0x00000000f5580000,0x00000000fc1fc160,0x00000000fc200000)
  from space 14848K, 62% used [0x00000000fd580000,0x00000000fde82c70,0x00000000fe400000)
  to   space 17408K, 0% used [0x00000000fc200000,0x00000000fc200000,0x00000000fd300000)
 ParOldGen       total 199168K, used 54608K [0x00000000e0000000, 0x00000000ec280000, 0x00000000f5580000)
  object space 199168K, 27% used [0x00000000e0000000,0x00000000e3554158,0x00000000ec280000)
 Metaspace       used 81992K, capacity 86854K, committed 86960K, reserved 1124352K
  class space    used 10749K, capacity 11670K, committed 11696K, reserved 1048576K
Event: 4373.333 GC heap after
Heap after GC invocations=26 (full 3):
 PSYoungGen      total 116736K, used 7247K [0x00000000f5580000, 0x00000000fe100000, 0x0000000100000000)
  eden space 109056K, 0% used [0x00000000f5580000,0x00000000f5580000,0x00000000fc000000)
  from space 7680K, 94% used [0x00000000fc200000,0x00000000fc913d50,0x00000000fc980000)
  to   space 16896K, 0% used [0x00000000fd080000,0x00000000fd080000,0x00000000fe100000)
 ParOldGen       total 199168K, used 54616K [0x00000000e0000000, 0x00000000ec280000, 0x00000000f5580000)
  object space 199168K, 27% used [0x00000000e0000000,0x00000000e3556158,0x00000000ec280000)
 Metaspace       used 81992K, capacity 86854K, committed 86960K, reserved 1124352K
  class space    used 10749K, capacity 11670K, committed 11696K, reserved 1048576K
}

