# JRE version: Java(TM) SE Runtime Environment (8.0_212-b10) (build 1.8.0_212-b10)
# Java VM: Java HotSpot(TM) 64-Bit Server VM (25.212-b10 mixed mode windows-amd64 compressed oops)
Heap:
 PSYoungGen      total 140800K, used 59844K [0x00000000f5580000, 0x0000000100000000, 0x0000000100000000)
  eden space 116224K, 30% used [0x00000000f5580000,0x00000000f77f38b8,0x00000000fc700000)
  from space 24576K, 99% used [0x00000000fe800000,0x00000000ffffdaa0,0x0000000100000000)
  to   space 29184K, 0% used [0x00000000fc700000,0x00000000fc700000,0x00000000fe380000)
 ParOldGen       total 236032K, used 44713K [0x00000000e0000000, 0x00000000ee680000, 0x00000000f5580000)
  object space 236032K, 18% used [0x00000000e0000000,0x00000000e2baa550,0x00000000ee680000)
 Metaspace       used 89251K, capacity 92964K, committed 93184K, reserved 1130496K
  class space    used 11883K, capacity 12694K, committed 12800K, reserved 1048576K
GC Heap History (10 events):
Event: 19.283 GC heap before
{Heap before GC invocations=13 (full 3):
 PSYoungGen      total 159232K, used 143872K [0x00000000f5580000, 0x0000000100000000, 0x0000000100000000)
  eden space 143872K, 100% used [0x00000000f5580000,0x00000000fe200000,0x00000000fe200000)
  from space 15360K, 0% used [0x00000000fe200000,0x00000000fe200000,0x00000000ff100000)
  to   space 15360K, 0% used [0x00000000ff100000,0x00000000ff100000,0x0000000100000000)
 ParOldGen       total 236032K, used 34052K [0x00000000e0000000, 0x00000000ee680000, 0x00000000f5580000)
  object space 236032K, 14% used [0x00000000e0000000,0x00000000e2141090,0x00000000ee680000)
 Metaspace       used 65485K, capacity 67512K, committed 67712K, reserved 1107968K
  class space    used 9042K, capacity 9570K, committed 9600K, reserved 1048576K
Event: 19.301 GC heap after
Heap after GC invocations=13 (full 3):
 PSYoungGen      total 150016K, used 15345K [0x00000000f5580000, 0x0000000100000000, 0x0000000100000000)
  eden space 134656K, 0% used [0x00000000f5580000,0x00000000f5580000,0x00000000fd900000)
  from space 15360K, 99% used [0x00000000ff100000,0x00000000ffffc4a8,0x0000000100000000)
  to   space 19968K, 0% used [0x00000000fd900000,0x00000000fd900000,0x00000000fec80000)
 ParOldGen       total 236032K, used 34373K [0x00000000e0000000, 0x00000000ee680000, 0x00000000f5580000)
  object space 236032K, 14% used [0x00000000e0000000,0x00000000e2191648,0x00000000ee680000)
 Metaspace       used 65485K, capacity 67512K, committed 67712K, reserved 1107968K
  class space    used 9042K, capacity 9570K, committed 9600K, reserved 1048576K
}
Event: 21.611 GC heap before
{Heap before GC invocations=14 (full 3):
 PSYoungGen      total 150016K, used 150001K [0x00000000f5580000, 0x0000000100000000, 0x0000000100000000)
  eden space 134656K, 100% used [0x00000000f5580000,0x00000000fd900000,0x00000000fd900000)
  from space 15360K, 99% used [0x00000000ff100000,0x00000000ffffc4a8,0x0000000100000000)
  to   space 19968K, 0% used [0x00000000fd900000,0x00000000fd900000,0x00000000fec80000)
 ParOldGen       total 236032K, used 34373K [0x00000000e0000000, 0x00000000ee680000, 0x00000000f5580000)
  object space 236032K, 14% used [0x00000000e0000000,0x00000000e2191648,0x00000000ee680000)
 Metaspace       used 68537K, capacity 70808K, committed 71040K, reserved 1110016K
  class space    used 9457K, capacity 10004K, committed 10112K, reserved 1048576K
Event: 21.629 GC heap after
Heap after GC invocations=14 (full 3):
 PSYoungGen      total 154624K, used 19967K [0x00000000f5580000, 0x0000000100000000, 0x0000000100000000)
  eden space 134656K, 0% used [0x00000000f5580000,0x00000000f5580000,0x00000000fd900000)
  from space 19968K, 99% used [0x00000000fd900000,0x00000000fec7fe18,0x00000000fec80000)
  to   space 19968K, 0% used [0x00000000fec80000,0x00000000fec80000,0x0000000100000000)
 ParOldGen       total 236032K, used 34746K [0x00000000e0000000, 0x00000000ee680000, 0x00000000f5580000)
  object space 236032K, 14% used [0x00000000e0000000,0x00000000e21ee910,0x00000000ee680000)
 Metaspace       used 68537K, capacity 70808K, committed 71040K, reserved 1110016K
  class space    used 9457K, capacity 10004K, committed 10112K, reserved 1048576K
}
Event: 492.765 GC heap before
{Heap before GC invocations=15 (full 3):
 PSYoungGen      total 154624K, used 154623K [0x00000000f5580000, 0x0000000100000000, 0x0000000100000000)
  eden space 134656K, 100% used [0x00000000f5580000,0x00000000fd900000,0x00000000fd900000)
  from space 19968K, 99% used [0x00000000fd900000,0x00000000fec7fe18,0x00000000fec80000)
  to   space 19968K, 0% used [0x00000000fec80000,0x00000000fec80000,0x0000000100000000)
 ParOldGen       total 236032K, used 34746K [0x00000000e0000000, 0x00000000ee680000, 0x00000000f5580000)
  object space 236032K, 14% used [0x00000000e0000000,0x00000000e21ee910,0x00000000ee680000)
 Metaspace       used 73038K, capacity 75536K, committed 75648K, reserved 1114112K
  class space    used 9779K, capacity 10358K, committed 10368K, reserved 1048576K
Event: 492.797 GC heap after
Heap after GC invocations=15 (full 3):
 PSYoungGen      total 147456K, used 19385K [0x00000000f5580000, 0x0000000100000000, 0x0000000100000000)
  eden space 127488K, 0% used [0x00000000f5580000,0x00000000f5580000,0x00000000fd200000)
  from space 19968K, 97% used [0x00000000fec80000,0x00000000fff6e7d8,0x0000000100000000)
  to   space 23552K, 0% used [0x00000000fd200000,0x00000000fd200000,0x00000000fe900000)
 ParOldGen       total 236032K, used 43507K [0x00000000e0000000, 0x00000000ee680000, 0x00000000f5580000)
  object space 236032K, 18% used [0x00000000e0000000,0x00000000e2a7cfc8,0x00000000ee680000)
 Metaspace       used 73038K, capacity 75536K, committed 75648K, reserved 1114112K
  class space    used 9779K, capacity 10358K, committed 10368K, reserved 1048576K
}
Event: 1565.245 GC heap before
{Heap before GC invocations=16 (full 3):
 PSYoungGen      total 147456K, used 146873K [0x00000000f5580000, 0x0000000100000000, 0x0000000100000000)
  eden space 127488K, 100% used [0x00000000f5580000,0x00000000fd200000,0x00000000fd200000)
  from space 19968K, 97% used [0x00000000fec80000,0x00000000fff6e7d8,0x0000000100000000)
  to   space 23552K, 0% used [0x00000000fd200000,0x00000000fd200000,0x00000000fe900000)
 ParOldGen       total 236032K, used 43507K [0x00000000e0000000, 0x00000000ee680000, 0x00000000f5580000)
  object space 236032K, 18% used [0x00000000e0000000,0x00000000e2a7cfc8,0x00000000ee680000)
 Metaspace       used 79425K, capacity 82206K, committed 82432K, reserved 1120256K
  class space    used 10527K, capacity 11197K, committed 11264K, reserved 1048576K
Event: 1565.276 GC heap after
Heap after GC invocations=16 (full 3):
 PSYoungGen      total 147968K, used 22089K [0x00000000f5580000, 0x0000000100000000, 0x0000000100000000)
  eden space 125440K, 0% used [0x00000000f5580000,0x00000000f5580000,0x00000000fd000000)
  from space 22528K, 98% used [0x00000000fd200000,0x00000000fe7925d0,0x00000000fe800000)
  to   space 24576K, 0% used [0x00000000fe800000,0x00000000fe800000,0x0000000100000000)
 ParOldGen       total 236032K, used 43515K [0x00000000e0000000, 0x00000000ee680000, 0x00000000f5580000)
  object space 236032K, 18% used [0x00000000e0000000,0x00000000e2a7efc8,0x00000000ee680000)
 Metaspace       used 79425K, capacity 82206K, committed 82432K, reserved 1120256K
  class space    used 10527K, capacity 11197K, committed 11264K, reserved 1048576K
}
Event: 1572.210 GC heap before
{Heap before GC invocations=17 (full 3):
 PSYoungGen      total 147968K, used 147529K [0x00000000f5580000, 0x0000000100000000, 0x0000000100000000)
  eden space 125440K, 100% used [0x00000000f5580000,0x00000000fd000000,0x00000000fd000000)
  from space 22528K, 98% used [0x00000000fd200000,0x00000000fe7925d0,0x00000000fe800000)
  to   space 24576K, 0% used [0x00000000fe800000,0x00000000fe800000,0x0000000100000000)
 ParOldGen       total 236032K, used 43515K [0x00000000e0000000, 0x00000000ee680000, 0x00000000f5580000)
  object space 236032K, 18% used [0x00000000e0000000,0x00000000e2a7efc8,0x00000000ee680000)
 Metaspace       used 86852K, capacity 90512K, committed 90624K, reserved 1128448K
  class space    used 11671K, capacity 12481K, committed 12544K, reserved 1048576K
Event: 1572.254 GC heap after
Heap after GC invocations=17 (full 3):
 PSYoungGen      total 140800K, used 24566K [0x00000000f5580000, 0x0000000100000000, 0x0000000100000000)
  eden space 116224K, 0% used [0x00000000f5580000,0x00000000f5580000,0x00000000fc700000)
  from space 24576K, 99% used [0x00000000fe800000,0x00000000ffffdaa0,0x0000000100000000)
  to   space 29184K, 0% used [0x00000000fc700000,0x00000000fc700000,0x00000000fe380000)
 ParOldGen       total 236032K, used 44713K [0x00000000e0000000, 0x00000000ee680000, 0x00000000f5580000)
  object space 236032K, 18% used [0x00000000e0000000,0x00000000e2baa550,0x00000000ee680000)
 Metaspace       used 86852K, capacity 90512K, committed 90624K, reserved 1128448K
  class space    used 11671K, capacity 12481K, committed 12544K, reserved 1048576K
}

